[04-Jun-2012 16:24:09,452] - Server UP/port [4123]/Read-Buffer [2048]/session-clearance [600] seconds
[04-Jun-2012 16:24:31,829] - Connection from [/127.0.0.1:55176] to [/127.0.0.1:4123][2]
[04-Jun-2012 16:24:32,573] - connected to [COM1 (bauds: 9600, dataBits: DATABITS_8, stopBits: BITS_1, parity: NONE, flowControl: NONE)][3]
[04-Jun-2012 16:24:32,577] - IP MSG >> [123]/Dump [02 33 2E 35 2C 38 30 2C 41 2C 51 2C 31 2C 30 2C 50 4F 53 33 2C 43 46 47 33 32 47 42 4F 4E 45 49 4E 54 45 52 46 41 43 45 2C 32 30 31 32 30 36 30 34 2C 30 34 32 34 33 30 2C 41 2C 53 2C 50 2C 2C 47 42 50 2C 2C 2C 32 32 30 30 2C 30 2C 30 2C 2C 31 2C 2C 2C 2C 2C 2C 2C 2C 2C 2C 2C 2C 2C 2C 2C 2C 30 2C 2C 2C 2C 2C 2C 2C 2C 2C 2C 2C 2C 2C 2C 2C 2C 2C 2C 2C 2C 30 2C 2C 03 02]
[04-Jun-2012 16:24:32,665] - SERIAL MSG >> [COM1 (bauds: 9600, dataBits: DATABITS_8, stopBits: BITS_1, parity: NONE, flowControl: NONE)]: (123 Bytes)02 33 2E 35 2C 38 30 2C 41 2C 51 2C 31 2C 30 2C 50 4F 53 33 2C 43 46 47 33 32 47 42 4F 4E 45 49 4E 54 45 52 46 41 43 45 2C 32 30 31 32 30 36 30 34 2C 30 34 32 34 33 30 2C 41 2C 53 2C 50 2C 2C 47 42 50 2C 2C 2C 32 32 30 30 2C 30 2C 30 2C 2C 31 2C 2C 2C 2C 2C 2C 2C 2C 2C 2C 2C 2C 2C 2C 2C 2C 30 2C 2C 2C 2C 2C 2C 2C 2C 2C 2C 2C 2C 2C 2C 2C 2C 2C 2C 2C 2C 30 2C 2C 03 02
[04-Jun-2012 16:24:32,711] - SERIAL MSG << [COM1 (bauds: 9600, dataBits: DATABITS_8, stopBits: BITS_1, parity: NONE, flowControl: NONE)]: (1 Bytes) 06
[04-Jun-2012 16:24:32,718] - IP MSG << [1]/Dump [06]
[04-Jun-2012 16:24:34,706] - SERIAL MSG << [COM1 (bauds: 9600, dataBits: DATABITS_8, stopBits: BITS_1, parity: NONE, flowControl: NONE)]: (267 Bytes) 02 33 2E 35 2C 32 32 37 2C 41 2C 50 2C 31 2C 30 2C 32 35 30 32 35 32 38 35 2C 32 36 30 39 33 38 39 32 2C 41 2C 32 38 30 30 2C 33 37 33 35 2C 30 2C 34 36 35 39 35 30 58 58 58 58 58 58 39 31 31 30 2C 31 31 30 33 2C 31 34 30 33 2C 2C 30 30 36 32 34 37 2C 41 55 54 48 20 43 4F 44 45 3A 30 30 36 32 34 37 2C 31 2C 41 2C 2C 32 36 30 39 33 38 39 32 2C 32 35 30 32 35 32 38 36 2C 56 49 53 41 20 44 45 42 49 54 2C 50 52 34 3A 49 3A 45 3A 56 3A 53 3D 50 52 34 2C 2C 2C 2C 44 2C 56 69 73 61 20 20 20 20 20 20 20 20 20 20 20 20 2C 2C 41 30 30 30 30 58 58 58 58 58 58 58 58 58 58 58 58 2C 34 46 37 31 37 41 34 39 32 39 46 31 45 44 41 31 2C 4D 52 20 54 20 41 20 50 41 47 45 2C 46 2C 30 31 2C 2C 2C 30 30 2C 2C 30 30 30 30 30 30 38 30 30 30 2C 34 31 30 33 30 32 2C 46 43 30 30 2C 2C 30 2C 2C 47 42 50 2C 30 2C 03 51
[04-Jun-2012 16:24:34,719] - IP MSG << [267]/Dump [02 33 2E 35 2C 32 32 37 2C 41 2C 50 2C 31 2C 30 2C 32 35 30 32 35 32 38 35 2C 32 36 30 39 33 38 39 32 2C 41 2C 32 38 30 30 2C 33 37 33 35 2C 30 2C 34 36 35 39 35 30 58 58 58 58 58 58 39 31 31 30 2C 31 31 30 33 2C 31 34 30 33 2C 2C 30 30 36 32 34 37 2C 41 55 54 48 20 43 4F 44 45 3A 30 30 36 32 34 37 2C 31 2C 41 2C 2C 32 36 30 39 33 38 39 32 2C 32 35 30 32 35 32 38 36 2C 56 49 53 41 20 44 45 42 49 54 2C 50 52 34 3A 49 3A 45 3A 56 3A 53 3D 50 52 34 2C 2C 2C 2C 44 2C 56 69 73 61 20 20 20 20 20 20 20 20 20 20 20 20 2C 2C 41 30 30 30 30 58 58 58 58 58 58 58 58 58 58 58 58 2C 34 46 37 31 37 41 34 39 32 39 46 31 45 44 41 31 2C 4D 52 20 54 20 41 20 50 41 47 45 2C 46 2C 30 31 2C 2C 2C 30 30 2C 2C 30 30 30 30 30 30 38 30 30 30 2C 34 31 30 33 30 32 2C 46 43 30 30 2C 2C 30 2C 2C 47 42 50 2C 30 2C 03 51]
[04-Jun-2012 16:24:34,749] - Connection closed from [/127.0.0.1:55176] to [/127.0.0.1:4123][2]
[04-Jun-2012 16:24:34,773] - Connection [COM1 (bauds: 9600, dataBits: DATABITS_8, stopBits: BITS_1, parity: NONE, flowControl: NONE)] closed
[04-Jun-2012 17:21:27,319] - Server UP/port [4123]/Read-Buffer [2048]/session-clearance [600] seconds
[04-Jun-2012 17:21:33,157] - Connection from [/127.0.0.1:55738] to [/127.0.0.1:4123][2]
[04-Jun-2012 17:21:33,256] - EXCEPTION
java.lang.UnsatisfiedLinkError: C:\Users\sjain\Documents\OneInterface_SourceCodes\NewOneInterface\OneIController\DLL_32\rxtxSerial.dll: Can't load IA 32-bit .dll on a AMD 64-bit platform
	at java.lang.ClassLoader$NativeLibrary.load(Native Method)
	at java.lang.ClassLoader.loadLibrary0(Unknown Source)
	at java.lang.ClassLoader.loadLibrary(Unknown Source)
	at java.lang.Runtime.loadLibrary0(Unknown Source)
	at java.lang.System.loadLibrary(Unknown Source)
	at gnu.io.CommPortIdentifier.<clinit>(CommPortIdentifier.java:123)
	at org.apache.mina.transport.serial.SerialConnector.connect0(SerialConnector.java:74)
	at org.apache.mina.core.service.AbstractIoConnector.connect(AbstractIoConnector.java:262)
	at org.apache.mina.core.service.AbstractIoConnector.connect(AbstractIoConnector.java:172)
	at com.thegoodcode.ipserialswitch.back.serial.Client.connect(Client.java:43)
	at com.thegoodcode.ipserialswitch.front.Handler.sessionCreated(Handler.java:35)
	at org.apache.mina.core.filterchain.DefaultIoFilterChain$TailFilter.sessionCreated(DefaultIoFilterChain.java:643)
	at org.apache.mina.core.filterchain.DefaultIoFilterChain.callNextSessionCreated(DefaultIoFilterChain.java:357)
	at org.apache.mina.core.filterchain.DefaultIoFilterChain.access$700(DefaultIoFilterChain.java:46)
	at org.apache.mina.core.filterchain.DefaultIoFilterChain$EntryImpl$1.sessionCreated(DefaultIoFilterChain.java:771)
	at org.apache.mina.core.filterchain.IoFilterAdapter.sessionCreated(IoFilterAdapter.java:79)
	at org.apache.mina.core.filterchain.DefaultIoFilterChain.callNextSessionCreated(DefaultIoFilterChain.java:357)
	at org.apache.mina.core.filterchain.DefaultIoFilterChain.access$700(DefaultIoFilterChain.java:46)
	at org.apache.mina.core.filterchain.DefaultIoFilterChain$EntryImpl$1.sessionCreated(DefaultIoFilterChain.java:771)
	at org.apache.mina.core.filterchain.IoFilterAdapter.sessionCreated(IoFilterAdapter.java:79)
	at org.apache.mina.core.filterchain.DefaultIoFilterChain.callNextSessionCreated(DefaultIoFilterChain.java:357)
	at org.apache.mina.core.filterchain.DefaultIoFilterChain.access$700(DefaultIoFilterChain.java:46)
	at org.apache.mina.core.filterchain.DefaultIoFilterChain$EntryImpl$1.sessionCreated(DefaultIoFilterChain.java:771)
	at org.apache.mina.core.filterchain.IoFilterAdapter.sessionCreated(IoFilterAdapter.java:79)
	at com.thegoodcode.ipserialswitch.front.filters.LogFilter.sessionCreated(LogFilter.java:35)
	at org.apache.mina.core.filterchain.DefaultIoFilterChain.callNextSessionCreated(DefaultIoFilterChain.java:357)
	at org.apache.mina.core.filterchain.DefaultIoFilterChain.access$700(DefaultIoFilterChain.java:46)
	at org.apache.mina.core.filterchain.DefaultIoFilterChain$EntryImpl$1.sessionCreated(DefaultIoFilterChain.java:771)
	at org.apache.mina.core.filterchain.IoFilterAdapter.sessionCreated(IoFilterAdapter.java:79)
	at org.apache.mina.core.filterchain.DefaultIoFilterChain.callNextSessionCreated(DefaultIoFilterChain.java:357)
	at org.apache.mina.core.filterchain.DefaultIoFilterChain.fireSessionCreated(DefaultIoFilterChain.java:350)
	at org.apache.mina.core.service.IoServiceListenerSupport.fireSessionCreated(IoServiceListenerSupport.java:211)
	at org.apache.mina.core.polling.AbstractPollingIoProcessor.addNow(AbstractPollingIoProcessor.java:536)
	at org.apache.mina.core.polling.AbstractPollingIoProcessor.handleNewSessions(AbstractPollingIoProcessor.java:503)
	at org.apache.mina.core.polling.AbstractPollingIoProcessor.access$400(AbstractPollingIoProcessor.java:68)
	at org.apache.mina.core.polling.AbstractPollingIoProcessor$Processor.run(AbstractPollingIoProcessor.java:1133)
	at org.apache.mina.util.NamePreservingRunnable.run(NamePreservingRunnable.java:64)
	at java.util.concurrent.ThreadPoolExecutor$Worker.runTask(Unknown Source)
	at java.util.concurrent.ThreadPoolExecutor$Worker.run(Unknown Source)
	at java.lang.Thread.run(Unknown Source)
[04-Jun-2012 17:23:30,449] - Server UP/port [4123]/Read-Buffer [2048]/session-clearance [600] seconds
[04-Jun-2012 17:23:35,735] - Connection from [/127.0.0.1:55793] to [/127.0.0.1:4123][2]
[04-Jun-2012 17:23:35,803] - EXCEPTION
java.lang.UnsatisfiedLinkError: C:\Users\sjain\Documents\OneInterface_SourceCodes\NewOneInterface\OneIController\DLL_32\rxtxSerial.dll: Can't load IA 32-bit .dll on a AMD 64-bit platform
	at java.lang.ClassLoader$NativeLibrary.load(Native Method)
	at java.lang.ClassLoader.loadLibrary0(Unknown Source)
	at java.lang.ClassLoader.loadLibrary(Unknown Source)
	at java.lang.Runtime.loadLibrary0(Unknown Source)
	at java.lang.System.loadLibrary(Unknown Source)
	at gnu.io.CommPortIdentifier.<clinit>(CommPortIdentifier.java:123)
	at org.apache.mina.transport.serial.SerialConnector.connect0(SerialConnector.java:74)
	at org.apache.mina.core.service.AbstractIoConnector.connect(AbstractIoConnector.java:262)
	at org.apache.mina.core.service.AbstractIoConnector.connect(AbstractIoConnector.java:172)
	at com.thegoodcode.ipserialswitch.back.serial.Client.connect(Client.java:43)
	at com.thegoodcode.ipserialswitch.front.Handler.sessionCreated(Handler.java:35)
	at org.apache.mina.core.filterchain.DefaultIoFilterChain$TailFilter.sessionCreated(DefaultIoFilterChain.java:643)
	at org.apache.mina.core.filterchain.DefaultIoFilterChain.callNextSessionCreated(DefaultIoFilterChain.java:357)
	at org.apache.mina.core.filterchain.DefaultIoFilterChain.access$700(DefaultIoFilterChain.java:46)
	at org.apache.mina.core.filterchain.DefaultIoFilterChain$EntryImpl$1.sessionCreated(DefaultIoFilterChain.java:771)
	at org.apache.mina.core.filterchain.IoFilterAdapter.sessionCreated(IoFilterAdapter.java:79)
	at org.apache.mina.core.filterchain.DefaultIoFilterChain.callNextSessionCreated(DefaultIoFilterChain.java:357)
	at org.apache.mina.core.filterchain.DefaultIoFilterChain.access$700(DefaultIoFilterChain.java:46)
	at org.apache.mina.core.filterchain.DefaultIoFilterChain$EntryImpl$1.sessionCreated(DefaultIoFilterChain.java:771)
	at org.apache.mina.core.filterchain.IoFilterAdapter.sessionCreated(IoFilterAdapter.java:79)
	at org.apache.mina.core.filterchain.DefaultIoFilterChain.callNextSessionCreated(DefaultIoFilterChain.java:357)
	at org.apache.mina.core.filterchain.DefaultIoFilterChain.access$700(DefaultIoFilterChain.java:46)
	at org.apache.mina.core.filterchain.DefaultIoFilterChain$EntryImpl$1.sessionCreated(DefaultIoFilterChain.java:771)
	at org.apache.mina.core.filterchain.IoFilterAdapter.sessionCreated(IoFilterAdapter.java:79)
	at com.thegoodcode.ipserialswitch.front.filters.LogFilter.sessionCreated(LogFilter.java:35)
	at org.apache.mina.core.filterchain.DefaultIoFilterChain.callNextSessionCreated(DefaultIoFilterChain.java:357)
	at org.apache.mina.core.filterchain.DefaultIoFilterChain.access$700(DefaultIoFilterChain.java:46)
	at org.apache.mina.core.filterchain.DefaultIoFilterChain$EntryImpl$1.sessionCreated(DefaultIoFilterChain.java:771)
	at org.apache.mina.core.filterchain.IoFilterAdapter.sessionCreated(IoFilterAdapter.java:79)
	at org.apache.mina.core.filterchain.DefaultIoFilterChain.callNextSessionCreated(DefaultIoFilterChain.java:357)
	at org.apache.mina.core.filterchain.DefaultIoFilterChain.fireSessionCreated(DefaultIoFilterChain.java:350)
	at org.apache.mina.core.service.IoServiceListenerSupport.fireSessionCreated(IoServiceListenerSupport.java:211)
	at org.apache.mina.core.polling.AbstractPollingIoProcessor.addNow(AbstractPollingIoProcessor.java:536)
	at org.apache.mina.core.polling.AbstractPollingIoProcessor.handleNewSessions(AbstractPollingIoProcessor.java:503)
	at org.apache.mina.core.polling.AbstractPollingIoProcessor.access$400(AbstractPollingIoProcessor.java:68)
	at org.apache.mina.core.polling.AbstractPollingIoProcessor$Processor.run(AbstractPollingIoProcessor.java:1133)
	at org.apache.mina.util.NamePreservingRunnable.run(NamePreservingRunnable.java:64)
	at java.util.concurrent.ThreadPoolExecutor$Worker.runTask(Unknown Source)
	at java.util.concurrent.ThreadPoolExecutor$Worker.run(Unknown Source)
	at java.lang.Thread.run(Unknown Source)
[04-Jun-2012 17:24:59,355] - Server UP/port [4123]/Read-Buffer [2048]/session-clearance [600] seconds
[04-Jun-2012 17:25:02,463] - Connection from [/127.0.0.1:55839] to [/127.0.0.1:4123][2]
[04-Jun-2012 17:25:02,527] - EXCEPTION
java.lang.UnsatisfiedLinkError: C:\Users\sjain\Documents\OneInterface_SourceCodes\NewOneInterface\OneIController\DLL_32\rxtxSerial.dll: Can't load IA 32-bit .dll on a AMD 64-bit platform
	at java.lang.ClassLoader$NativeLibrary.load(Native Method)
	at java.lang.ClassLoader.loadLibrary0(Unknown Source)
	at java.lang.ClassLoader.loadLibrary(Unknown Source)
	at java.lang.Runtime.loadLibrary0(Unknown Source)
	at java.lang.System.loadLibrary(Unknown Source)
	at gnu.io.CommPortIdentifier.<clinit>(CommPortIdentifier.java:123)
	at org.apache.mina.transport.serial.SerialConnector.connect0(SerialConnector.java:74)
	at org.apache.mina.core.service.AbstractIoConnector.connect(AbstractIoConnector.java:262)
	at org.apache.mina.core.service.AbstractIoConnector.connect(AbstractIoConnector.java:172)
	at com.thegoodcode.ipserialswitch.back.serial.Client.connect(Client.java:43)
	at com.thegoodcode.ipserialswitch.front.Handler.sessionCreated(Handler.java:35)
	at org.apache.mina.core.filterchain.DefaultIoFilterChain$TailFilter.sessionCreated(DefaultIoFilterChain.java:643)
	at org.apache.mina.core.filterchain.DefaultIoFilterChain.callNextSessionCreated(DefaultIoFilterChain.java:357)
	at org.apache.mina.core.filterchain.DefaultIoFilterChain.access$700(DefaultIoFilterChain.java:46)
	at org.apache.mina.core.filterchain.DefaultIoFilterChain$EntryImpl$1.sessionCreated(DefaultIoFilterChain.java:771)
	at org.apache.mina.core.filterchain.IoFilterAdapter.sessionCreated(IoFilterAdapter.java:79)
	at org.apache.mina.core.filterchain.DefaultIoFilterChain.callNextSessionCreated(DefaultIoFilterChain.java:357)
	at org.apache.mina.core.filterchain.DefaultIoFilterChain.access$700(DefaultIoFilterChain.java:46)
	at org.apache.mina.core.filterchain.DefaultIoFilterChain$EntryImpl$1.sessionCreated(DefaultIoFilterChain.java:771)
	at org.apache.mina.core.filterchain.IoFilterAdapter.sessionCreated(IoFilterAdapter.java:79)
	at org.apache.mina.core.filterchain.DefaultIoFilterChain.callNextSessionCreated(DefaultIoFilterChain.java:357)
	at org.apache.mina.core.filterchain.DefaultIoFilterChain.access$700(DefaultIoFilterChain.java:46)
	at org.apache.mina.core.filterchain.DefaultIoFilterChain$EntryImpl$1.sessionCreated(DefaultIoFilterChain.java:771)
	at org.apache.mina.core.filterchain.IoFilterAdapter.sessionCreated(IoFilterAdapter.java:79)
	at com.thegoodcode.ipserialswitch.front.filters.LogFilter.sessionCreated(LogFilter.java:35)
	at org.apache.mina.core.filterchain.DefaultIoFilterChain.callNextSessionCreated(DefaultIoFilterChain.java:357)
	at org.apache.mina.core.filterchain.DefaultIoFilterChain.access$700(DefaultIoFilterChain.java:46)
	at org.apache.mina.core.filterchain.DefaultIoFilterChain$EntryImpl$1.sessionCreated(DefaultIoFilterChain.java:771)
	at org.apache.mina.core.filterchain.IoFilterAdapter.sessionCreated(IoFilterAdapter.java:79)
	at org.apache.mina.core.filterchain.DefaultIoFilterChain.callNextSessionCreated(DefaultIoFilterChain.java:357)
	at org.apache.mina.core.filterchain.DefaultIoFilterChain.fireSessionCreated(DefaultIoFilterChain.java:350)
	at org.apache.mina.core.service.IoServiceListenerSupport.fireSessionCreated(IoServiceListenerSupport.java:211)
	at org.apache.mina.core.polling.AbstractPollingIoProcessor.addNow(AbstractPollingIoProcessor.java:536)
	at org.apache.mina.core.polling.AbstractPollingIoProcessor.handleNewSessions(AbstractPollingIoProcessor.java:503)
	at org.apache.mina.core.polling.AbstractPollingIoProcessor.access$400(AbstractPollingIoProcessor.java:68)
	at org.apache.mina.core.polling.AbstractPollingIoProcessor$Processor.run(AbstractPollingIoProcessor.java:1133)
	at org.apache.mina.util.NamePreservingRunnable.run(NamePreservingRunnable.java:64)
	at java.util.concurrent.ThreadPoolExecutor$Worker.runTask(Unknown Source)
	at java.util.concurrent.ThreadPoolExecutor$Worker.run(Unknown Source)
	at java.lang.Thread.run(Unknown Source)
[04-Jun-2012 17:25:47,606] - Server UP/port [4123]/Read-Buffer [2048]/session-clearance [600] seconds
[04-Jun-2012 17:25:52,339] - Connection from [/127.0.0.1:55879] to [/127.0.0.1:4123][2]
[04-Jun-2012 17:25:52,422] - EXCEPTION
java.lang.UnsatisfiedLinkError: C:\Users\sjain\Documents\OneInterface_SourceCodes\NewOneInterface\OneIController\DLL_32\rxtxSerial.dll: Can't load IA 32-bit .dll on a AMD 64-bit platform
	at java.lang.ClassLoader$NativeLibrary.load(Native Method)
	at java.lang.ClassLoader.loadLibrary0(Unknown Source)
	at java.lang.ClassLoader.loadLibrary(Unknown Source)
	at java.lang.Runtime.loadLibrary0(Unknown Source)
	at java.lang.System.loadLibrary(Unknown Source)
	at gnu.io.CommPortIdentifier.<clinit>(CommPortIdentifier.java:123)
	at org.apache.mina.transport.serial.SerialConnector.connect0(SerialConnector.java:74)
	at org.apache.mina.core.service.AbstractIoConnector.connect(AbstractIoConnector.java:262)
	at org.apache.mina.core.service.AbstractIoConnector.connect(AbstractIoConnector.java:172)
	at com.thegoodcode.ipserialswitch.back.serial.Client.connect(Client.java:43)
	at com.thegoodcode.ipserialswitch.front.Handler.sessionCreated(Handler.java:35)
	at org.apache.mina.core.filterchain.DefaultIoFilterChain$TailFilter.sessionCreated(DefaultIoFilterChain.java:643)
	at org.apache.mina.core.filterchain.DefaultIoFilterChain.callNextSessionCreated(DefaultIoFilterChain.java:357)
	at org.apache.mina.core.filterchain.DefaultIoFilterChain.access$700(DefaultIoFilterChain.java:46)
	at org.apache.mina.core.filterchain.DefaultIoFilterChain$EntryImpl$1.sessionCreated(DefaultIoFilterChain.java:771)
	at org.apache.mina.core.filterchain.IoFilterAdapter.sessionCreated(IoFilterAdapter.java:79)
	at org.apache.mina.core.filterchain.DefaultIoFilterChain.callNextSessionCreated(DefaultIoFilterChain.java:357)
	at org.apache.mina.core.filterchain.DefaultIoFilterChain.access$700(DefaultIoFilterChain.java:46)
	at org.apache.mina.core.filterchain.DefaultIoFilterChain$EntryImpl$1.sessionCreated(DefaultIoFilterChain.java:771)
	at org.apache.mina.core.filterchain.IoFilterAdapter.sessionCreated(IoFilterAdapter.java:79)
	at org.apache.mina.core.filterchain.DefaultIoFilterChain.callNextSessionCreated(DefaultIoFilterChain.java:357)
	at org.apache.mina.core.filterchain.DefaultIoFilterChain.access$700(DefaultIoFilterChain.java:46)
	at org.apache.mina.core.filterchain.DefaultIoFilterChain$EntryImpl$1.sessionCreated(DefaultIoFilterChain.java:771)
	at org.apache.mina.core.filterchain.IoFilterAdapter.sessionCreated(IoFilterAdapter.java:79)
	at com.thegoodcode.ipserialswitch.front.filters.LogFilter.sessionCreated(LogFilter.java:35)
	at org.apache.mina.core.filterchain.DefaultIoFilterChain.callNextSessionCreated(DefaultIoFilterChain.java:357)
	at org.apache.mina.core.filterchain.DefaultIoFilterChain.access$700(DefaultIoFilterChain.java:46)
	at org.apache.mina.core.filterchain.DefaultIoFilterChain$EntryImpl$1.sessionCreated(DefaultIoFilterChain.java:771)
	at org.apache.mina.core.filterchain.IoFilterAdapter.sessionCreated(IoFilterAdapter.java:79)
	at org.apache.mina.core.filterchain.DefaultIoFilterChain.callNextSessionCreated(DefaultIoFilterChain.java:357)
	at org.apache.mina.core.filterchain.DefaultIoFilterChain.fireSessionCreated(DefaultIoFilterChain.java:350)
	at org.apache.mina.core.service.IoServiceListenerSupport.fireSessionCreated(IoServiceListenerSupport.java:211)
	at org.apache.mina.core.polling.AbstractPollingIoProcessor.addNow(AbstractPollingIoProcessor.java:536)
	at org.apache.mina.core.polling.AbstractPollingIoProcessor.handleNewSessions(AbstractPollingIoProcessor.java:503)
	at org.apache.mina.core.polling.AbstractPollingIoProcessor.access$400(AbstractPollingIoProcessor.java:68)
	at org.apache.mina.core.polling.AbstractPollingIoProcessor$Processor.run(AbstractPollingIoProcessor.java:1133)
	at org.apache.mina.util.NamePreservingRunnable.run(NamePreservingRunnable.java:64)
	at java.util.concurrent.ThreadPoolExecutor$Worker.runTask(Unknown Source)
	at java.util.concurrent.ThreadPoolExecutor$Worker.run(Unknown Source)
	at java.lang.Thread.run(Unknown Source)
[04-Jun-2012 17:26:29,222] - Server UP/port [4123]/Read-Buffer [2048]/session-clearance [600] seconds
[04-Jun-2012 17:26:31,760] - Connection from [/127.0.0.1:55917] to [/127.0.0.1:4123][2]
[04-Jun-2012 17:26:31,832] - EXCEPTION
java.lang.UnsatisfiedLinkError: no rxtxSerial in java.library.path
	at java.lang.ClassLoader.loadLibrary(Unknown Source)
	at java.lang.Runtime.loadLibrary0(Unknown Source)
	at java.lang.System.loadLibrary(Unknown Source)
	at gnu.io.CommPortIdentifier.<clinit>(CommPortIdentifier.java:123)
	at org.apache.mina.transport.serial.SerialConnector.connect0(SerialConnector.java:74)
	at org.apache.mina.core.service.AbstractIoConnector.connect(AbstractIoConnector.java:262)
	at org.apache.mina.core.service.AbstractIoConnector.connect(AbstractIoConnector.java:172)
	at com.thegoodcode.ipserialswitch.back.serial.Client.connect(Client.java:43)
	at com.thegoodcode.ipserialswitch.front.Handler.sessionCreated(Handler.java:35)
	at org.apache.mina.core.filterchain.DefaultIoFilterChain$TailFilter.sessionCreated(DefaultIoFilterChain.java:643)
	at org.apache.mina.core.filterchain.DefaultIoFilterChain.callNextSessionCreated(DefaultIoFilterChain.java:357)
	at org.apache.mina.core.filterchain.DefaultIoFilterChain.access$700(DefaultIoFilterChain.java:46)
	at org.apache.mina.core.filterchain.DefaultIoFilterChain$EntryImpl$1.sessionCreated(DefaultIoFilterChain.java:771)
	at org.apache.mina.core.filterchain.IoFilterAdapter.sessionCreated(IoFilterAdapter.java:79)
	at org.apache.mina.core.filterchain.DefaultIoFilterChain.callNextSessionCreated(DefaultIoFilterChain.java:357)
	at org.apache.mina.core.filterchain.DefaultIoFilterChain.access$700(DefaultIoFilterChain.java:46)
	at org.apache.mina.core.filterchain.DefaultIoFilterChain$EntryImpl$1.sessionCreated(DefaultIoFilterChain.java:771)
	at org.apache.mina.core.filterchain.IoFilterAdapter.sessionCreated(IoFilterAdapter.java:79)
	at org.apache.mina.core.filterchain.DefaultIoFilterChain.callNextSessionCreated(DefaultIoFilterChain.java:357)
	at org.apache.mina.core.filterchain.DefaultIoFilterChain.access$700(DefaultIoFilterChain.java:46)
	at org.apache.mina.core.filterchain.DefaultIoFilterChain$EntryImpl$1.sessionCreated(DefaultIoFilterChain.java:771)
	at org.apache.mina.core.filterchain.IoFilterAdapter.sessionCreated(IoFilterAdapter.java:79)
	at com.thegoodcode.ipserialswitch.front.filters.LogFilter.sessionCreated(LogFilter.java:35)
	at org.apache.mina.core.filterchain.DefaultIoFilterChain.callNextSessionCreated(DefaultIoFilterChain.java:357)
	at org.apache.mina.core.filterchain.DefaultIoFilterChain.access$700(DefaultIoFilterChain.java:46)
	at org.apache.mina.core.filterchain.DefaultIoFilterChain$EntryImpl$1.sessionCreated(DefaultIoFilterChain.java:771)
	at org.apache.mina.core.filterchain.IoFilterAdapter.sessionCreated(IoFilterAdapter.java:79)
	at org.apache.mina.core.filterchain.DefaultIoFilterChain.callNextSessionCreated(DefaultIoFilterChain.java:357)
	at org.apache.mina.core.filterchain.DefaultIoFilterChain.fireSessionCreated(DefaultIoFilterChain.java:350)
	at org.apache.mina.core.service.IoServiceListenerSupport.fireSessionCreated(IoServiceListenerSupport.java:211)
	at org.apache.mina.core.polling.AbstractPollingIoProcessor.addNow(AbstractPollingIoProcessor.java:536)
	at org.apache.mina.core.polling.AbstractPollingIoProcessor.handleNewSessions(AbstractPollingIoProcessor.java:503)
	at org.apache.mina.core.polling.AbstractPollingIoProcessor.access$400(AbstractPollingIoProcessor.java:68)
	at org.apache.mina.core.polling.AbstractPollingIoProcessor$Processor.run(AbstractPollingIoProcessor.java:1133)
	at org.apache.mina.util.NamePreservingRunnable.run(NamePreservingRunnable.java:64)
	at java.util.concurrent.ThreadPoolExecutor$Worker.runTask(Unknown Source)
	at java.util.concurrent.ThreadPoolExecutor$Worker.run(Unknown Source)
	at java.lang.Thread.run(Unknown Source)
[04-Jun-2012 17:28:36,990] - Server UP/port [4123]/Read-Buffer [2048]/session-clearance [600] seconds
[04-Jun-2012 17:28:58,432] - Connection from [/127.0.0.1:55977] to [/127.0.0.1:4123][2]
[04-Jun-2012 17:28:58,490] - EXCEPTION
java.lang.UnsatisfiedLinkError: no rxtxSerial in java.library.path
	at java.lang.ClassLoader.loadLibrary(Unknown Source)
	at java.lang.Runtime.loadLibrary0(Unknown Source)
	at java.lang.System.loadLibrary(Unknown Source)
	at gnu.io.CommPortIdentifier.<clinit>(CommPortIdentifier.java:123)
	at org.apache.mina.transport.serial.SerialConnector.connect0(SerialConnector.java:74)
	at org.apache.mina.core.service.AbstractIoConnector.connect(AbstractIoConnector.java:262)
	at org.apache.mina.core.service.AbstractIoConnector.connect(AbstractIoConnector.java:172)
	at com.thegoodcode.ipserialswitch.back.serial.Client.connect(Client.java:43)
	at com.thegoodcode.ipserialswitch.front.Handler.sessionCreated(Handler.java:35)
	at org.apache.mina.core.filterchain.DefaultIoFilterChain$TailFilter.sessionCreated(DefaultIoFilterChain.java:643)
	at org.apache.mina.core.filterchain.DefaultIoFilterChain.callNextSessionCreated(DefaultIoFilterChain.java:357)
	at org.apache.mina.core.filterchain.DefaultIoFilterChain.access$700(DefaultIoFilterChain.java:46)
	at org.apache.mina.core.filterchain.DefaultIoFilterChain$EntryImpl$1.sessionCreated(DefaultIoFilterChain.java:771)
	at org.apache.mina.core.filterchain.IoFilterAdapter.sessionCreated(IoFilterAdapter.java:79)
	at org.apache.mina.core.filterchain.DefaultIoFilterChain.callNextSessionCreated(DefaultIoFilterChain.java:357)
	at org.apache.mina.core.filterchain.DefaultIoFilterChain.access$700(DefaultIoFilterChain.java:46)
	at org.apache.mina.core.filterchain.DefaultIoFilterChain$EntryImpl$1.sessionCreated(DefaultIoFilterChain.java:771)
	at org.apache.mina.core.filterchain.IoFilterAdapter.sessionCreated(IoFilterAdapter.java:79)
	at org.apache.mina.core.filterchain.DefaultIoFilterChain.callNextSessionCreated(DefaultIoFilterChain.java:357)
	at org.apache.mina.core.filterchain.DefaultIoFilterChain.access$700(DefaultIoFilterChain.java:46)
	at org.apache.mina.core.filterchain.DefaultIoFilterChain$EntryImpl$1.sessionCreated(DefaultIoFilterChain.java:771)
	at org.apache.mina.core.filterchain.IoFilterAdapter.sessionCreated(IoFilterAdapter.java:79)
	at com.thegoodcode.ipserialswitch.front.filters.LogFilter.sessionCreated(LogFilter.java:35)
	at org.apache.mina.core.filterchain.DefaultIoFilterChain.callNextSessionCreated(DefaultIoFilterChain.java:357)
	at org.apache.mina.core.filterchain.DefaultIoFilterChain.access$700(DefaultIoFilterChain.java:46)
	at org.apache.mina.core.filterchain.DefaultIoFilterChain$EntryImpl$1.sessionCreated(DefaultIoFilterChain.java:771)
	at org.apache.mina.core.filterchain.IoFilterAdapter.sessionCreated(IoFilterAdapter.java:79)
	at org.apache.mina.core.filterchain.DefaultIoFilterChain.callNextSessionCreated(DefaultIoFilterChain.java:357)
	at org.apache.mina.core.filterchain.DefaultIoFilterChain.fireSessionCreated(DefaultIoFilterChain.java:350)
	at org.apache.mina.core.service.IoServiceListenerSupport.fireSessionCreated(IoServiceListenerSupport.java:211)
	at org.apache.mina.core.polling.AbstractPollingIoProcessor.addNow(AbstractPollingIoProcessor.java:536)
	at org.apache.mina.core.polling.AbstractPollingIoProcessor.handleNewSessions(AbstractPollingIoProcessor.java:503)
	at org.apache.mina.core.polling.AbstractPollingIoProcessor.access$400(AbstractPollingIoProcessor.java:68)
	at org.apache.mina.core.polling.AbstractPollingIoProcessor$Processor.run(AbstractPollingIoProcessor.java:1133)
	at org.apache.mina.util.NamePreservingRunnable.run(NamePreservingRunnable.java:64)
	at java.util.concurrent.ThreadPoolExecutor$Worker.runTask(Unknown Source)
	at java.util.concurrent.ThreadPoolExecutor$Worker.run(Unknown Source)
	at java.lang.Thread.run(Unknown Source)
[04-Jun-2012 17:34:20,302] - Server UP/port [4123]/Read-Buffer [2048]/session-clearance [600] seconds
[04-Jun-2012 17:34:25,219] - Connection from [/127.0.0.1:56099] to [/127.0.0.1:4123][2]
[04-Jun-2012 17:34:25,645] - connected to [COM1 (bauds: 9600, dataBits: DATABITS_8, stopBits: BITS_1, parity: NONE, flowControl: NONE)][3]
[04-Jun-2012 17:34:36,270] - IP MSG >> [1]/Dump [68]
[04-Jun-2012 17:34:36,555] - IP MSG >> [2]/Dump [0D 0A]
[04-Jun-2012 17:34:36,618] - SERIAL MSG >> [COM1 (bauds: 9600, dataBits: DATABITS_8, stopBits: BITS_1, parity: NONE, flowControl: NONE)]: (3 Bytes)68 0D 0A
[04-Jun-2012 17:34:38,960] - Connection closed from [/127.0.0.1:56099] to [/127.0.0.1:4123][2]
[04-Jun-2012 17:34:38,983] - Connection [COM1 (bauds: 9600, dataBits: DATABITS_8, stopBits: BITS_1, parity: NONE, flowControl: NONE)] closed
